(THU.CST) os is loading ...

Special kernel symbols:
  entry  0xc0100036 (phys)
  etext  0xc01060fc (phys)
  edata  0xc011b000 (phys)
  end    0xc011bf88 (phys)
Kernel executable memory footprint: 112KB
ebp:0xc0117f38   eip:0xc0100a9a arg :0x00010094 0x00010094 0xc0117f68 0xc01000c8
    kern/debug/kdebug.c:317: print_stackframe+22
ebp:0xc0117f48   eip:0xc0100d8e arg :0x00000000 0x00000000 0x00000000 0xc0117fb8
    kern/debug/kmonitor.c:129: mon_backtrace+10
ebp:0xc0117f68   eip:0xc01000c8 arg :0x00000000 0xc0117f90 0xffff0000 0xc0117f94
    kern/init/init.c:49: grade_backtrace2+33
ebp:0xc0117f88   eip:0xc01000f2 arg :0x00000000 0xffff0000 0xc0117fb4 0x0000002a
    kern/init/init.c:54: grade_backtrace1+38
ebp:0xc0117fa8   eip:0xc0100111 arg :0x00000000 0xc0100036 0xffff0000 0x0000001d
    kern/init/init.c:59: grade_backtrace0+23
ebp:0xc0117fc8   eip:0xc0100137 arg :0xc010611c 0xc0106100 0x00000f88 0x00000000
    kern/init/init.c:64: grade_backtrace+34
ebp:0xc0117ff8   eip:0xc010008b arg :0xc0106314 0xc010631c 0xc0100d16 0xc010633b
    kern/init/init.c:29: kern_init+84
memory management: default_pmm_manager
e820map:
  memory: 0009fc00, [00000000, 0009fbff], type = 1.
  memory: 00000400, [0009fc00, 0009ffff], type = 2.
  memory: 00010000, [000f0000, 000fffff], type = 2.
  memory: 07ee0000, [00100000, 07fdffff], type = 1.
  memory: 00020000, [07fe0000, 07ffffff], type = 2.
  memory: 00040000, [fffc0000, ffffffff], type = 2.
check_alloc_page() succeeded!
check_pgdir() succeeded!
check_boot_pgdir() succeeded!
-------------------- BEGIN --------------------
PDE(0e0) c0000000-f8000000 38000000 urw
  |-- PTE(38000) c0000000-f8000000 38000000 -rw
PDE(001) fac00000-fb000000 00400000 -rw
  |-- PTE(000e0) faf00000-fafe0000 000e0000 urw
  |-- PTE(00001) fafeb000-fafec000 00001000 -rw
--------------------- END ---------------------
++ setup timer interrupts
100 ticks
End of Test.
kernel panic at kern/trap/trap.c:18:
    EOT: kernel seems ok.
stack trackback:
ebp:0xc0117ed0   eip:0xc0100a9a arg :0xc01061c8 0xc0117f14 0x00000012 0x00010094
    kern/debug/kdebug.c:317: print_stackframe+22
ebp:0xc0117f00   eip:0xc0100451 arg :0xc01064ae 0x00000012 0xc0106498 0xc011f41c
    kern/debug/panic.c:27: __panic+103
ebp:0xc0117f20   eip:0xc01018e1 arg :0xc0117f88 0xc01043fd 0x00010094 0x00010094
    kern/trap/trap.c:0: print_ticks+65
ebp:0xc0117f60   eip:0xc0101d90 arg :0xc0117f8c 0xc01002b0 0xc010642a 0xc0117fa4
    kern/trap/trap.c:164: trap_dispatch+140
ebp:0xc0117f80   eip:0xc0101f94 arg :0xc0117f8c 0x0000807c 0x00010094 0xc0117ff8
    kern/trap/trap.c:222: trap+16
ebp:0xc0117ff8   eip:0xc0102a1f arg :0xc0106314 0xc010631c 0xc0100d16 0xc010633b
    kern/trap/trapentry.S:24: <unknown>+0
Welcome to the kernel debug monitor!!
Type 'help' for a list of commands.
K> 