(THU.CST) os is loading ...

Special kernel symbols:
  entry  0xc0100036 (phys)
  etext  0xc010c737 (phys)
  edata  0xc01b4000 (phys)
  end    0xc01b71d8 (phys)
Kernel executable memory footprint: 733KB
ebp:0xc012df38   eip:0xc0100bae arg :0x00010094 0x00010094 0xc012df68 0xc01000e4
    kern/debug/kdebug.c:351: print_stackframe+22
ebp:0xc012df48   eip:0xc0100ea2 arg :0x00000000 0x00000000 0x00000000 0xc012dfb8
    kern/debug/kmonitor.c:129: mon_backtrace+10
ebp:0xc012df68   eip:0xc01000e4 arg :0x00000000 0xc012df90 0xffff0000 0xc012df94
    kern/init/init.c:59: grade_backtrace2+33
ebp:0xc012df88   eip:0xc010010e arg :0x00000000 0xffff0000 0xc012dfb4 0x0000002a
    kern/init/init.c:64: grade_backtrace1+38
ebp:0xc012dfa8   eip:0xc010012d arg :0x00000000 0xc0100036 0xffff0000 0x0000001d
    kern/init/init.c:69: grade_backtrace0+23
ebp:0xc012dfc8   eip:0xc0100153 arg :0xc010c75c 0xc010c740 0x000031d8 0x00000000
    kern/init/init.c:74: grade_backtrace+34
ebp:0xc012dff8   eip:0xc010008b arg :0xc010c954 0xc010c95c 0xc0100e2a 0xc010c97b
    kern/init/init.c:33: kern_init+84
memory management: default_pmm_manager
e820map:
  memory: 0009fc00, [00000000, 0009fbff], type = 1.
  memory: 00000400, [0009fc00, 0009ffff], type = 2.
  memory: 00010000, [000f0000, 000fffff], type = 2.
  memory: 07ee0000, [00100000, 07fdffff], type = 1.
  memory: 00020000, [07fe0000, 07ffffff], type = 2.
  memory: 00040000, [fffc0000, ffffffff], type = 2.
check_alloc_page() succeeded!
check_pgdir() succeeded!
check_boot_pgdir() succeeded!
-------------------- BEGIN --------------------
PDE(0e0) c0000000-f8000000 38000000 urw
  |-- PTE(38000) c0000000-f8000000 38000000 -rw
PDE(001) fac00000-fb000000 00400000 -rw
  |-- PTE(000e0) faf00000-fafe0000 000e0000 urw
  |-- PTE(00001) fafeb000-fafec000 00001000 -rw
--------------------- END ---------------------
use SLOB allocator
kmalloc_init() succeeded!
check_vma_struct() succeeded!
page fault at 0x00000100: K/W [no page found].
check_pgfault() succeeded!
check_vmm() succeeded.
sched class: stride_scheduler
ide 0:      10000(sectors), 'QEMU HARDDISK'.
ide 1:     262144(sectors), 'QEMU HARDDISK'.
SWAP: manager = fifo swap manager
BEGIN check_swap: count 1, total 31814
setup Page Table for vaddr 0X1000, so alloc a page
setup Page Table vaddr 0~4MB OVER!
set up init env for check_swap begin!
page fault at 0x00001000: K/W [no page found].
page fault at 0x00002000: K/W [no page found].
page fault at 0x00003000: K/W [no page found].
page fault at 0x00004000: K/W [no page found].
set up init env for check_swap over!
write Virt Page c in fifo_check_swap
write Virt Page a in fifo_check_swap
write Virt Page d in fifo_check_swap
write Virt Page b in fifo_check_swap
write Virt Page e in fifo_check_swap
page fault at 0x00005000: K/W [no page found].
swap_out: i 0, store page in vaddr 0x1000 to disk swap entry 2
write Virt Page b in fifo_check_swap
write Virt Page a in fifo_check_swap
page fault at 0x00001000: K/W [no page found].
swap_out: i 0, store page in vaddr 0x2000 to disk swap entry 3
swap_in: load disk swap entry 2 with swap_page in vadr 0x1000
write Virt Page b in fifo_check_swap
page fault at 0x00002000: K/W [no page found].
swap_out: i 0, store page in vaddr 0x3000 to disk swap entry 4
swap_in: load disk swap entry 3 with swap_page in vadr 0x2000
write Virt Page c in fifo_check_swap
page fault at 0x00003000: K/W [no page found].
swap_out: i 0, store page in vaddr 0x4000 to disk swap entry 5
swap_in: load disk swap entry 4 with swap_page in vadr 0x3000
write Virt Page d in fifo_check_swap
page fault at 0x00004000: K/W [no page found].
swap_out: i 0, store page in vaddr 0x5000 to disk swap entry 6
swap_in: load disk swap entry 5 with swap_page in vadr 0x4000
write Virt Page e in fifo_check_swap
page fault at 0x00005000: K/W [no page found].
swap_out: i 0, store page in vaddr 0x1000 to disk swap entry 2
swap_in: load disk swap entry 6 with swap_page in vadr 0x5000
write Virt Page a in fifo_check_swap
page fault at 0x00001000: K/R [no page found].
swap_out: i 0, store page in vaddr 0x2000 to disk swap entry 3
swap_in: load disk swap entry 2 with swap_page in vadr 0x1000
count is 0, total is 5
check_swap() succeeded!
++ setup timer interrupts
kernel_execve: pid = 2, name = "hello".
Hello world!!.
I am process 2.
hello pass.
all user-mode processes have quit.
init check memory pass.
kernel panic at kern/process/proc.c:541:
    initproc exit.

stack trackback:
ebp:0xc0399f88   eip:0xc0100bae arg :0xc010c808 0xc0399fcc 0x0000021d 0xc0399fb8
    kern/debug/kdebug.c:351: print_stackframe+22
ebp:0xc0399fb8   eip:0xc010046d arg :0xc010e7ec 0x0000021d 0xc010e83e 0x00000000
    kern/debug/panic.c:27: __panic+103
ebp:0xc0399fe8   eip:0xc010a1a2 arg :0x00000000 0x00000000 0x00000000 0x00000010
    kern/process/proc.c:541: do_exit+91
Welcome to the kernel debug monitor!!
Type 'help' for a list of commands.
K> 